#
# There is insufficient memory for the Java Runtime Environment to continue.
# Native memory allocation (malloc) failed to allocate 32744 bytes for ChunkPool::allocate
# Possible reasons:
#   The system is out of physical RAM or swap space
#   The process is running with CompressedOops enabled, and the Java Heap may be blocking the growth of the native heap
# Possible solutions:
#   Reduce memory load on the system
#   Increase physical memory or swap space
#   Check if swap backing store is full
#   Decrease Java heap size (-Xmx/-Xms)
#   Decrease number of Java threads
#   Decrease Java thread stack sizes (-Xss)
#   Set larger code cache with -XX:ReservedCodeCacheSize=
#   JVM is running with Unscaled Compressed Oops mode in which the Java heap is
#     placed in the first 4GB address space. The Java Heap base address is the
#     maximum limit for the native heap growth. Please use -XX:HeapBaseMinAddress
#     to set the Java Heap base and to place the Java Heap above 4GB virtual address.
# This output file may be truncated or incomplete.
#
#  Out of Memory Error (allocation.cpp:272), pid=6788, tid=0x000000000000347c
#
# JRE version: OpenJDK Runtime Environment (8.0_212-b04) (build 1.8.0_212-release-1586-b04)
# Java VM: OpenJDK 64-Bit Server VM (25.212-b04 mixed mode windows-amd64 compressed oops)
# Failed to write core dump. Minidumps are not enabled by default on client versions of Windows
#

---------------  T H R E A D  ---------------

Current thread (0x0000000015dc9000):  JavaThread "C2 CompilerThread0" daemon [_thread_in_native, id=13436, stack(0x0000000017430000,0x0000000017530000)]

Stack: [0x0000000017430000,0x0000000017530000]
[error occurred during error reporting (printing stack bounds), id 0xc0000005]

Native frames: (J=compiled Java code, j=interpreted, Vv=VM code, C=native code)


Current CompileTask:
C2:  87205 4383   !   4       com.sun.beans.TypeResolver::resolve (274 bytes)


---------------  P R O C E S S  ---------------

Java Threads: ( => current thread )
  0x000000001da4c800 JavaThread "Cache worker for Build Output Cleanup Cache (C:\Users\HP\AndroidStudioProjects\conf_me\.gradle\buildOutputCleanup)" [_thread_blocked, id=4396, stack(0x00000000005d0000,0x00000000006d0000)]
  0x000000001da4f800 JavaThread "Build operations Thread 4" [_thread_blocked, id=13328, stack(0x00000000216c0000,0x00000000217c0000)]
  0x000000001da52800 JavaThread "Build operations Thread 3" [_thread_blocked, id=11948, stack(0x00000000215c0000,0x00000000216c0000)]
  0x000000001da51800 JavaThread "Build operations Thread 2" [_thread_blocked, id=6044, stack(0x0000000020430000,0x0000000020530000)]
  0x000000001da50000 JavaThread "Build operations" [_thread_blocked, id=16160, stack(0x0000000020330000,0x0000000020430000)]
  0x000000001da51000 JavaThread "Cache worker for execution history cache (C:\Users\HP\.gradle\caches\5.6.4\executionHistory)" [_thread_blocked, id=15812, stack(0x0000000020030000,0x0000000020130000)]
  0x00000000198a3800 JavaThread "Cache worker for cache directory md-rule (C:\Users\HP\.gradle\caches\5.6.4\md-rule)" [_thread_blocked, id=14232, stack(0x000000001ff30000,0x0000000020030000)]
  0x00000000198a2800 JavaThread "Cache worker for cache directory md-supplier (C:\Users\HP\.gradle\caches\5.6.4\md-supplier)" [_thread_blocked, id=12792, stack(0x000000001fe30000,0x000000001ff30000)]
  0x000000001989f800 JavaThread "Cache worker for file hash cache (C:\Users\HP\AndroidStudioProjects\conf_me\.gradle\5.6.4\fileHashes)" [_thread_blocked, id=1360, stack(0x000000001df20000,0x000000001e020000)]
  0x000000001989f000 JavaThread "Cache worker for journal cache (C:\Users\HP\.gradle\caches\journal-1)" [_thread_blocked, id=12108, stack(0x000000001bb80000,0x000000001bc80000)]
  0x00000000198a5000 JavaThread "File lock request listener" [_thread_in_native, id=10720, stack(0x000000001ba80000,0x000000001bb80000)]
  0x000000001989e000 JavaThread "Cache worker for file hash cache (C:\Users\HP\.gradle\caches\5.6.4\fileHashes)" [_thread_blocked, id=6504, stack(0x000000001b980000,0x000000001ba80000)]
  0x000000001968e000 JavaThread "Thread-9" [_thread_blocked, id=13564, stack(0x000000001b680000,0x000000001b780000)]
  0x000000001969d800 JavaThread "Asynchronous log dispatcher for DefaultDaemonConnection: socket connection from /127.0.0.1:52818 to /127.0.0.1:52819" [_thread_blocked, id=10724, stack(0x000000001b480000,0x000000001b580000)]
  0x000000001966a000 JavaThread "Daemon worker" [_thread_in_native, id=7456, stack(0x000000001b380000,0x000000001b480000)]
  0x0000000019669800 JavaThread "Cancel handler" [_thread_blocked, id=16084, stack(0x000000001b280000,0x000000001b380000)]
  0x00000000194fc800 JavaThread "Handler for socket connection from /127.0.0.1:52818 to /127.0.0.1:52819" [_thread_in_native, id=11516, stack(0x000000001af80000,0x000000001b080000)]
  0x00000000194f5000 JavaThread "Daemon" [_thread_blocked, id=11904, stack(0x000000001ae80000,0x000000001af80000)]
  0x0000000017df2800 JavaThread "Daemon periodic checks" [_thread_blocked, id=13032, stack(0x000000001ad80000,0x000000001ae80000)]
  0x0000000017ea4000 JavaThread "Incoming local TCP Connector on port 52818" [_thread_in_native, id=14968, stack(0x000000001ab30000,0x000000001ac30000)]
  0x00000000194a4800 JavaThread "Daemon health stats" [_thread_blocked, id=13452, stack(0x000000001a4d0000,0x000000001a5d0000)]
  0x0000000017769800 JavaThread "Service Thread" daemon [_thread_blocked, id=7428, stack(0x0000000017b30000,0x0000000017c30000)]
  0x0000000015ddb000 JavaThread "C1 CompilerThread2" daemon [_thread_blocked, id=5752, stack(0x0000000017630000,0x0000000017730000)]
  0x0000000015dcd800 JavaThread "C2 CompilerThread1" daemon [_thread_in_native, id=14492, stack(0x0000000017530000,0x0000000017630000)]
=>0x0000000015dc9000 JavaThread "C2 CompilerThread0" daemon [_thread_in_native, id=13436, stack(0x0000000017430000,0x0000000017530000)]
  0x0000000015dc7000 JavaThread "Attach Listener" daemon [_thread_blocked, id=13364, stack(0x0000000017330000,0x0000000017430000)]
  0x0000000015dc6000 JavaThread "Signal Dispatcher" daemon [_thread_blocked, id=14132, stack(0x0000000017230000,0x0000000017330000)]
  0x000000000244d800 JavaThread "Finalizer" daemon [_thread_blocked, id=11476, stack(0x0000000017010000,0x0000000017110000)]
  0x0000000002442000 JavaThread "Reference Handler" daemon [_thread_blocked, id=12056, stack(0x0000000016f10000,0x0000000017010000)]
  0x0000000002352800 JavaThread "main" [_thread_blocked, id=3020, stack(0x0000000002200000,0x0000000002300000)]

Other Threads:
  0x0000000015d86000 VMThread [stack: 0x0000000016e10000,0x0000000016f10000] [id=11512]
  0x000000001776a000 WatcherThread [stack: 0x0000000017c30000,0x0000000017d30000] [id=3772]

VM state:not at safepoint (normal execution)

VM Mutex/Monitor currently owned by a thread: None

heap address: 0x00000000a0000000, size: 1536 MB, Compressed Oops mode: 32-bit
Narrow klass base: 0x0000000000000000, Narrow klass shift: 3
Compressed class space size: 1073741824 Address: 0x0000000100000000

Heap:
 PSYoungGen      total 81920K, used 81898K [0x00000000e0000000, 0x00000000e6a80000, 0x0000000100000000)
  eden space 73728K, 100% used [0x00000000e0000000,0x00000000e4800000,0x00000000e4800000)
  from space 8192K, 99% used [0x00000000e6280000,0x00000000e6a7aaa0,0x00000000e6a80000)
  to   space 11264K, 0% used [0x00000000e5480000,0x00000000e5480000,0x00000000e5f80000)
 ParOldGen       total 41472K, used 19828K [0x00000000a0000000, 0x00000000a2880000, 0x00000000e0000000)
  object space 41472K, 47% used [0x00000000a0000000,0x00000000a135d150,0x00000000a2880000)
 Metaspace       used 47857K, capacity 49108K, committed 49320K, reserved 1091584K
  class space    used 6412K, capacity 6749K, committed 6824K, reserved 1048576K

Card table byte_map: [0x0000000011810000,0x0000000011b20000] byte_map_base: 0x0000000011310000

Marking Bits: (ParMarkBitMap*) 0x00000000581f9f30
 Begin Bits: [0x0000000012120000, 0x0000000013920000)
 End Bits:   [0x0000000013920000, 0x0000000015120000)

Polling page: 0x00000000009f0000

CodeCache: size=245760Kb used=13624Kb max_used=13624Kb free=232135Kb
 bounds [0x0000000002450000, 0x00000000031b0000, 0x0000000011450000]
 total_blobs=4757 nmethods=3989 adapters=680
 compilation: enabled

Compilation events (10 events):
Event: 86.957 Thread 0x0000000015ddb000 4411       3       org.gradle.api.internal.artifacts.dependencies.AbstractExternalModuleDependency::getGroup (10 bytes)
Event: 86.958 Thread 0x0000000015ddb000 nmethod 4411 0x00000000031a5ed0 code [0x00000000031a6040, 0x00000000031a61f0]
Event: 87.021 Thread 0x0000000015ddb000 4412       3       org.gradle.internal.MutableReference::empty (5 bytes)
Event: 87.022 Thread 0x0000000015ddb000 nmethod 4412 0x00000000031a62d0 code [0x00000000031a6440, 0x00000000031a66d0]
Event: 87.022 Thread 0x0000000015ddb000 4413       3       org.gradle.internal.operations.DefaultBuildOperationExecutor$DefaultBuildOperationContext::<init> (5 bytes)
Event: 87.022 Thread 0x0000000015ddb000 nmethod 4413 0x00000000031a6810 code [0x00000000031a6980, 0x00000000031a6b90]
Event: 87.024 Thread 0x0000000015ddb000 4414       3       org.gradle.internal.operations.DefaultBuildOperationExecutor$3::<init> (44 bytes)
Event: 87.024 Thread 0x0000000015ddb000 nmethod 4414 0x00000000031a6c90 code [0x00000000031a6de0, 0x00000000031a7030]
Event: 87.024 Thread 0x0000000015ddb000 4415   !   3       org.gradle.internal.operations.DefaultBuildOperationExecutor$1::execute (82 bytes)
Event: 87.025 Thread 0x0000000015ddb000 nmethod 4415 0x00000000031a7110 code [0x00000000031a7300, 0x00000000031a7918]

GC Heap History (10 events):
Event: 36.442 GC heap before
{Heap before GC invocations=12 (full 1):
 PSYoungGen      total 68608K, used 68596K [0x00000000e0000000, 0x00000000e6080000, 0x0000000100000000)
  eden space 61440K, 100% used [0x00000000e0000000,0x00000000e3c00000,0x00000000e3c00000)
  from space 7168K, 99% used [0x00000000e4480000,0x00000000e4b7d3d8,0x00000000e4b80000)
  to   space 8704K, 0% used [0x00000000e3c00000,0x00000000e3c00000,0x00000000e4480000)
 ParOldGen       total 35328K, used 10141K [0x00000000a0000000, 0x00000000a2280000, 0x00000000e0000000)
  object space 35328K, 28% used [0x00000000a0000000,0x00000000a09e74f0,0x00000000a2280000)
 Metaspace       used 31792K, capacity 32332K, committed 32512K, reserved 1077248K
  class space    used 4361K, capacity 4563K, committed 4608K, reserved 1048576K
Event: 36.454 GC heap after
Heap after GC invocations=12 (full 1):
 PSYoungGen      total 70144K, used 4590K [0x00000000e0000000, 0x00000000e5d00000, 0x0000000100000000)
  eden space 61440K, 0% used [0x00000000e0000000,0x00000000e0000000,0x00000000e3c00000)
  from space 8704K, 52% used [0x00000000e3c00000,0x00000000e407ba90,0x00000000e4480000)
  to   space 8192K, 0% used [0x00000000e5500000,0x00000000e5500000,0x00000000e5d00000)
 ParOldGen       total 35328K, used 13541K [0x00000000a0000000, 0x00000000a2280000, 0x00000000e0000000)
  object space 35328K, 38% used [0x00000000a0000000,0x00000000a0d39520,0x00000000a2280000)
 Metaspace       used 31792K, capacity 32332K, committed 32512K, reserved 1077248K
  class space    used 4361K, capacity 4563K, committed 4608K, reserved 1048576K
}
Event: 47.272 GC heap before
{Heap before GC invocations=13 (full 1):
 PSYoungGen      total 70144K, used 66030K [0x00000000e0000000, 0x00000000e5d00000, 0x0000000100000000)
  eden space 61440K, 100% used [0x00000000e0000000,0x00000000e3c00000,0x00000000e3c00000)
  from space 8704K, 52% used [0x00000000e3c00000,0x00000000e407ba90,0x00000000e4480000)
  to   space 8192K, 0% used [0x00000000e5500000,0x00000000e5500000,0x00000000e5d00000)
 ParOldGen       total 35328K, used 13541K [0x00000000a0000000, 0x00000000a2280000, 0x00000000e0000000)
  object space 35328K, 38% used [0x00000000a0000000,0x00000000a0d39520,0x00000000a2280000)
 Metaspace       used 34502K, capacity 35252K, committed 35456K, reserved 1079296K
  class space    used 4740K, capacity 4963K, committed 4992K, reserved 1048576K
Event: 47.281 GC heap after
Heap after GC invocations=13 (full 1):
 PSYoungGen      total 82944K, used 6279K [0x00000000e0000000, 0x00000000e5b80000, 0x0000000100000000)
  eden space 76288K, 0% used [0x00000000e0000000,0x00000000e0000000,0x00000000e4a80000)
  from space 6656K, 94% used [0x00000000e5500000,0x00000000e5b21fd8,0x00000000e5b80000)
  to   space 8704K, 0% used [0x00000000e4a80000,0x00000000e4a80000,0x00000000e5300000)
 ParOldGen       total 35328K, used 13549K [0x00000000a0000000, 0x00000000a2280000, 0x00000000e0000000)
  object space 35328K, 38% used [0x00000000a0000000,0x00000000a0d3b520,0x00000000a2280000)
 Metaspace       used 34502K, capacity 35252K, committed 35456K, reserved 1079296K
  class space    used 4740K, capacity 4963K, committed 4992K, reserved 1048576K
}
Event: 53.587 GC heap before
{Heap before GC invocations=14 (full 1):
 PSYoungGen      total 82944K, used 12748K [0x00000000e0000000, 0x00000000e5b80000, 0x0000000100000000)
  eden space 76288K, 8% used [0x00000000e0000000,0x00000000e0651228,0x00000000e4a80000)
  from space 6656K, 94% used [0x00000000e5500000,0x00000000e5b21fd8,0x00000000e5b80000)
  to   space 8704K, 0% used [0x00000000e4a80000,0x00000000e4a80000,0x00000000e5300000)
 ParOldGen       total 35328K, used 13549K [0x00000000a0000000, 0x00000000a2280000, 0x00000000e0000000)
  object space 35328K, 38% used [0x00000000a0000000,0x00000000a0d3b520,0x00000000a2280000)
 Metaspace       used 34618K, capacity 35424K, committed 35496K, reserved 1079296K
  class space    used 4762K, capacity 4999K, committed 5032K, reserved 1048576K
Event: 53.593 GC heap after
Heap after GC invocations=14 (full 1):
 PSYoungGen      total 84992K, used 4640K [0x00000000e0000000, 0x00000000e6a80000, 0x0000000100000000)
  eden space 76288K, 0% used [0x00000000e0000000,0x00000000e0000000,0x00000000e4a80000)
  from space 8704K, 53% used [0x00000000e4a80000,0x00000000e4f08000,0x00000000e5300000)
  to   space 8192K, 0% used [0x00000000e6280000,0x00000000e6280000,0x00000000e6a80000)
 ParOldGen       total 35328K, used 13557K [0x00000000a0000000, 0x00000000a2280000, 0x00000000e0000000)
  object space 35328K, 38% used [0x00000000a0000000,0x00000000a0d3d520,0x00000000a2280000)
 Metaspace       used 34618K, capacity 35424K, committed 35496K, reserved 1079296K
  class space    used 4762K, capacity 4999K, committed 5032K, reserved 1048576K
}
Event: 53.593 GC heap before
{Heap before GC invocations=15 (full 2):
 PSYoungGen      total 84992K, used 4640K [0x00000000e0000000, 0x00000000e6a80000, 0x0000000100000000)
  eden space 76288K, 0% used [0x00000000e0000000,0x00000000e0000000,0x00000000e4a80000)
  from space 8704K, 53% used [0x00000000e4a80000,0x00000000e4f08000,0x00000000e5300000)
  to   space 8192K, 0% used [0x00000000e6280000,0x00000000e6280000,0x00000000e6a80000)
 ParOldGen       total 35328K, used 13557K [0x00000000a0000000, 0x00000000a2280000, 0x00000000e0000000)
  object space 35328K, 38% used [0x00000000a0000000,0x00000000a0d3d520,0x00000000a2280000)
 Metaspace       used 34618K, capacity 35424K, committed 35496K, reserved 1079296K
  class space    used 4762K, capacity 4999K, committed 5032K, reserved 1048576K
Event: 53.665 GC heap after
Heap after GC invocations=15 (full 2):
 PSYoungGen      total 84992K, used 0K [0x00000000e0000000, 0x00000000e6a80000, 0x0000000100000000)
  eden space 76288K, 0% used [0x00000000e0000000,0x00000000e0000000,0x00000000e4a80000)
  from space 8704K, 0% used [0x00000000e4a80000,0x00000000e4a80000,0x00000000e5300000)
  to   space 8192K, 0% used [0x00000000e6280000,0x00000000e6280000,0x00000000e6a80000)
 ParOldGen       total 41472K, used 14922K [0x00000000a0000000, 0x00000000a2880000, 0x00000000e0000000)
  object space 41472K, 35% used [0x00000000a0000000,0x00000000a0e92860,0x00000000a2880000)
 Metaspace       used 34608K, capacity 35388K, committed 35496K, reserved 1079296K
  class space    used 4759K, capacity 4993K, committed 5032K, reserved 1048576K
}
Event: 74.678 GC heap before
{Heap before GC invocations=16 (full 2):
 PSYoungGen      total 84992K, used 76288K [0x00000000e0000000, 0x00000000e6a80000, 0x0000000100000000)
  eden space 76288K, 100% used [0x00000000e0000000,0x00000000e4a80000,0x00000000e4a80000)
  from space 8704K, 0% used [0x00000000e4a80000,0x00000000e4a80000,0x00000000e5300000)
  to   space 8192K, 0% used [0x00000000e6280000,0x00000000e6280000,0x00000000e6a80000)
 ParOldGen       total 41472K, used 14922K [0x00000000a0000000, 0x00000000a2880000, 0x00000000e0000000)
  object space 41472K, 35% used [0x00000000a0000000,0x00000000a0e92860,0x00000000a2880000)
 Metaspace       used 42856K, capacity 43930K, committed 44328K, reserved 1087488K
  class space    used 5790K, capacity 6089K, committed 6184K, reserved 1048576K
Event: 74.717 GC heap after
Heap after GC invocations=16 (full 2):
 PSYoungGen      total 81920K, used 8170K [0x00000000e0000000, 0x00000000e6a80000, 0x0000000100000000)
  eden space 73728K, 0% used [0x00000000e0000000,0x00000000e0000000,0x00000000e4800000)
  from space 8192K, 99% used [0x00000000e6280000,0x00000000e6a7aaa0,0x00000000e6a80000)
  to   space 11264K, 0% used [0x00000000e5480000,0x00000000e5480000,0x00000000e5f80000)
 ParOldGen       total 41472K, used 19828K [0x00000000a0000000, 0x00000000a2880000, 0x00000000e0000000)
  object space 41472K, 47% used [0x00000000a0000000,0x00000000a135d150,0x00000000a2880000)
 Metaspace       used 42856K, capacity 43930K, committed 44328K, reserved 1087488K
  class space    used 5790K, capacity 6089K, committed 6184K, reserved 1048576K
}

Deoptimization events (10 events):
Event: 84.346 Thread 0x000000001966a000 Uncommon trap: reason=unstable_if action=reinterpret pc=0x00000000030c61d8 method=com.sun.org.apache.xerces.internal.impl.XMLEntityScanner.skipSpaces()Z @ 72
Event: 84.661 Thread 0x000000001966a000 Uncommon trap: reason=speculate_class_check action=maybe_recompile pc=0x0000000002df1868 method=com.google.common.collect.AbstractIndexedListIterator.next()Ljava/lang/Object; @ 27
Event: 84.662 Thread 0x000000001966a000 Uncommon trap: reason=speculate_class_check action=maybe_recompile pc=0x0000000002df1868 method=com.google.common.collect.AbstractIndexedListIterator.next()Ljava/lang/Object; @ 27
Event: 84.662 Thread 0x000000001966a000 Uncommon trap: reason=speculate_class_check action=maybe_recompile pc=0x0000000002df1868 method=com.google.common.collect.AbstractIndexedListIterator.next()Ljava/lang/Object; @ 27
Event: 84.662 Thread 0x000000001966a000 Uncommon trap: reason=speculate_class_check action=maybe_recompile pc=0x0000000002df1868 method=com.google.common.collect.AbstractIndexedListIterator.next()Ljava/lang/Object; @ 27
Event: 84.839 Thread 0x000000001966a000 Uncommon trap: reason=unstable_if action=reinterpret pc=0x0000000002893370 method=org.gradle.internal.instantiation.AbstractClassGenerator$InjectionAnnotationValidator.validateMethod(Ljava/lang/reflect/Method;Lorg/gradle/internal/reflect/PropertyAccessorT
Event: 85.338 Thread 0x000000001966a000 Uncommon trap: reason=unstable_if action=reinterpret pc=0x0000000002ea3b44 method=org.codehaus.groovy.runtime.metaclass.MetaMethodIndex.isNonRealMethod(Lgroovy/lang/MetaMethod;)Z @ 4
Event: 85.338 Thread 0x000000001966a000 Uncommon trap: reason=unstable_if action=reinterpret pc=0x0000000002e778d8 method=groovy.lang.MetaClassImpl$1MOPIter.methodNameAction(Ljava/lang/Class;Lorg/codehaus/groovy/runtime/metaclass/MetaMethodIndex$Entry;)V @ 182
Event: 85.383 Thread 0x000000001966a000 Uncommon trap: reason=unstable_if action=reinterpret pc=0x0000000002fbbf04 method=java.lang.ClassLoader.checkCerts(Ljava/lang/String;Ljava/security/CodeSource;)V @ 29
Event: 85.384 Thread 0x000000001966a000 Uncommon trap: reason=unstable_if action=reinterpret pc=0x000000000269d2fc method=java.lang.ClassLoader.postDefineClass(Ljava/lang/Class;Ljava/security/ProtectionDomain;)V @ 4

Classes redefined (0 events):
No events

Internal exceptions (10 events):
Event: 86.807 Thread 0x000000001966a000 Exception <a 'java/lang/ClassNotFoundException': build_5o507n5iz19p0afc84ca0jrl8$_run_closure1BeanInfo> (0x00000000e43a9ff0) thrown at [D:\src\AOSP-openjdk-cygwin\jdk8u\hotspot\src\share\vm\classfile\systemDictionary.cpp, line 210]
Event: 86.808 Thread 0x000000001966a000 Exception <a 'java/lang/ClassNotFoundException': build_5o507n5iz19p0afc84ca0jrl8$_run_closure1Customizer> (0x00000000e43bb860) thrown at [D:\src\AOSP-openjdk-cygwin\jdk8u\hotspot\src\share\vm\classfile\systemDictionary.cpp, line 210]
Event: 86.901 Thread 0x000000001966a000 Exception <a 'java/lang/ClassNotFoundException': org/gradle/api/internal/file/collections/DefaultConfigurableFileTreeBeanInfo> (0x00000000e45674a8) thrown at [D:\src\AOSP-openjdk-cygwin\jdk8u\hotspot\src\share\vm\classfile\systemDictionary.cpp, line 210]
Event: 86.902 Thread 0x000000001966a000 Exception <a 'java/lang/ClassNotFoundException': org/gradle/api/internal/file/CompositeFileTreeBeanInfo> (0x00000000e459fb50) thrown at [D:\src\AOSP-openjdk-cygwin\jdk8u\hotspot\src\share\vm\classfile\systemDictionary.cpp, line 210]
Event: 86.903 Thread 0x000000001966a000 Exception <a 'java/lang/ClassNotFoundException': org/gradle/api/internal/file/CompositeFileCollectionBeanInfo> (0x00000000e45dc7e0) thrown at [D:\src\AOSP-openjdk-cygwin\jdk8u\hotspot\src\share\vm\classfile\systemDictionary.cpp, line 210]
Event: 86.905 Thread 0x000000001966a000 Exception <a 'java/lang/ClassNotFoundException': org/gradle/api/internal/file/AbstractFileCollectionBeanInfo> (0x00000000e4619c00) thrown at [D:\src\AOSP-openjdk-cygwin\jdk8u\hotspot\src\share\vm\classfile\systemDictionary.cpp, line 210]
Event: 86.909 Thread 0x000000001966a000 Exception <a 'java/lang/ClassNotFoundException': org/gradle/api/internal/file/AbstractFileCollectionCustomizer> (0x00000000e4657a00) thrown at [D:\src\AOSP-openjdk-cygwin\jdk8u\hotspot\src\share\vm\classfile\systemDictionary.cpp, line 210]
Event: 86.910 Thread 0x000000001966a000 Exception <a 'java/lang/ClassNotFoundException': org/gradle/api/internal/file/CompositeFileCollectionCustomizer> (0x00000000e46a58e0) thrown at [D:\src\AOSP-openjdk-cygwin\jdk8u\hotspot\src\share\vm\classfile\systemDictionary.cpp, line 210]
Event: 86.912 Thread 0x000000001966a000 Exception <a 'java/lang/ClassNotFoundException': org/gradle/api/internal/file/CompositeFileTreeCustomizer> (0x00000000e46efe60) thrown at [D:\src\AOSP-openjdk-cygwin\jdk8u\hotspot\src\share\vm\classfile\systemDictionary.cpp, line 210]
Event: 86.913 Thread 0x000000001966a000 Exception <a 'java/lang/ClassNotFoundException': org/gradle/api/internal/file/collections/DefaultConfigurableFileTreeCustomizer> (0x00000000e4745388) thrown at [D:\src\AOSP-openjdk-cygwin\jdk8u\hotspot\src\share\vm\classfile\systemDictionary.cpp, line 210

Events (10 events):
Event: 86.951 loading class org/gradle/api/internal/artifacts/dependencies/SelfResolvingDependencyInternal
Event: 86.951 loading class org/gradle/api/internal/artifacts/dependencies/SelfResolvingDependencyInternal done
Event: 86.951 loading class org/gradle/api/artifacts/FileCollectionDependency
Event: 86.951 loading class org/gradle/api/artifacts/FileCollectionDependency done
Event: 86.957 loading class org/gradle/api/tasks/Upload
Event: 86.957 loading class org/gradle/api/tasks/Upload done
Event: 87.026 loading class org/gradle/configuration/internal/DefaultListenerBuildOperationDecorator$BuildOperationEmittingAction$1
Event: 87.026 loading class org/gradle/configuration/internal/DefaultListenerBuildOperationDecorator$BuildOperationEmittingAction$1 done
Event: 87.029 loading class org/gradle/configuration/internal/DefaultListenerBuildOperationDecorator$Operation
Event: 87.029 loading class org/gradle/configuration/internal/DefaultListenerBuildOperationDecorator$Operation done


Dynamic libraries:
0x00007ff6a3010000 - 0x00007ff6a3041000 	C:\Program Files\Android\Android Studio\jre\bin\java.exe
0x00007ff9f4200000 - 0x00007ff9f43f0000 	C:\WINDOWS\SYSTEM32\ntdll.dll
0x00007ff9f24d0000 - 0x00007ff9f2582000 	C:\WINDOWS\System32\KERNEL32.DLL
0x00007ff9f13b0000 - 0x00007ff9f1654000 	C:\WINDOWS\System32\KERNELBASE.dll
0x00007ff9f3270000 - 0x00007ff9f3313000 	C:\WINDOWS\System32\ADVAPI32.dll
0x00007ff9f2760000 - 0x00007ff9f27fe000 	C:\WINDOWS\System32\msvcrt.dll
0x00007ff9f26c0000 - 0x00007ff9f2757000 	C:\WINDOWS\System32\sechost.dll
0x00007ff9f3330000 - 0x00007ff9f3450000 	C:\WINDOWS\System32\RPCRT4.dll
0x00007ff9f2330000 - 0x00007ff9f24c4000 	C:\WINDOWS\System32\USER32.dll
0x00007ff9f1900000 - 0x00007ff9f1921000 	C:\WINDOWS\System32\win32u.dll
0x00007ff9f2b40000 - 0x00007ff9f2b66000 	C:\WINDOWS\System32\GDI32.dll
0x00007ff9f1930000 - 0x00007ff9f1ac4000 	C:\WINDOWS\System32\gdi32full.dll
0x00007ff9f12f0000 - 0x00007ff9f138e000 	C:\WINDOWS\System32\msvcp_win.dll
0x00007ff9f1660000 - 0x00007ff9f175a000 	C:\WINDOWS\System32\ucrtbase.dll
0x00007ff9e14d0000 - 0x00007ff9e1754000 	C:\WINDOWS\WinSxS\amd64_microsoft.windows.common-controls_6595b64144ccf1df_6.0.18362.836_none_e6c4b943130f18ed\COMCTL32.dll
0x00007ff9f2f30000 - 0x00007ff9f3266000 	C:\WINDOWS\System32\combase.dll
0x00007ff9f1270000 - 0x00007ff9f12f0000 	C:\WINDOWS\System32\bcryptPrimitives.dll
0x00007ff9f2880000 - 0x00007ff9f28ae000 	C:\WINDOWS\System32\IMM32.DLL
0x00000000576d0000 - 0x00000000577a2000 	C:\Program Files\Android\Android Studio\jre\jre\bin\msvcr100.dll
0x0000000057a30000 - 0x0000000058276000 	C:\Program Files\Android\Android Studio\jre\jre\bin\server\jvm.dll
0x00007ff9f3320000 - 0x00007ff9f3328000 	C:\WINDOWS\System32\PSAPI.DLL
0x00007ff9e7f30000 - 0x00007ff9e7f54000 	C:\WINDOWS\SYSTEM32\WINMM.dll
0x00007ff9e65a0000 - 0x00007ff9e65a9000 	C:\WINDOWS\SYSTEM32\WSOCK32.dll
0x00007ff9ec5f0000 - 0x00007ff9ec5fa000 	C:\WINDOWS\SYSTEM32\VERSION.dll
0x00007ff9f2e10000 - 0x00007ff9f2e7f000 	C:\WINDOWS\System32\WS2_32.dll
0x00007ff9e7eb0000 - 0x00007ff9e7edd000 	C:\WINDOWS\SYSTEM32\WINMMBASE.dll
0x00007ff9f1760000 - 0x00007ff9f17aa000 	C:\WINDOWS\System32\cfgmgr32.dll
0x00007ff9ea780000 - 0x00007ff9ea78f000 	C:\Program Files\Android\Android Studio\jre\jre\bin\verify.dll
0x00007ff9e8cb0000 - 0x00007ff9e8cd9000 	C:\Program Files\Android\Android Studio\jre\jre\bin\java.dll
0x00007ff9e8c90000 - 0x00007ff9e8ca6000 	C:\Program Files\Android\Android Studio\jre\jre\bin\zip.dll
0x00007ff9f3ad0000 - 0x00007ff9f41b4000 	C:\WINDOWS\System32\SHELL32.dll
0x00007ff9f38c0000 - 0x00007ff9f3969000 	C:\WINDOWS\System32\shcore.dll
0x00007ff9f1b30000 - 0x00007ff9f22ae000 	C:\WINDOWS\System32\windows.storage.dll
0x00007ff9f1160000 - 0x00007ff9f1183000 	C:\WINDOWS\System32\profapi.dll
0x00007ff9f10f0000 - 0x00007ff9f113a000 	C:\WINDOWS\System32\powrprof.dll
0x00007ff9f10c0000 - 0x00007ff9f10d0000 	C:\WINDOWS\System32\UMPDC.dll
0x00007ff9f22b0000 - 0x00007ff9f2302000 	C:\WINDOWS\System32\shlwapi.dll
0x00007ff9f10d0000 - 0x00007ff9f10e1000 	C:\WINDOWS\System32\kernel.appcore.dll
0x00007ff9f1390000 - 0x00007ff9f13a7000 	C:\WINDOWS\System32\cryptsp.dll
0x00007ff9e6d90000 - 0x00007ff9e6daa000 	C:\Program Files\Android\Android Studio\jre\jre\bin\net.dll
0x00007ff9e7690000 - 0x00007ff9e7866000 	C:\WINDOWS\SYSTEM32\urlmon.dll
0x00007ff9e6940000 - 0x00007ff9e6be6000 	C:\WINDOWS\SYSTEM32\iertutil.dll
0x00007ff9f0aa0000 - 0x00007ff9f0aac000 	C:\WINDOWS\SYSTEM32\CRYPTBASE.DLL
0x00007ff9f08d0000 - 0x00007ff9f0937000 	C:\WINDOWS\system32\mswsock.dll
0x00007ff9dc040000 - 0x00007ff9dc053000 	C:\Program Files\Android\Android Studio\jre\jre\bin\nio.dll
0x00007ff9dfc90000 - 0x00007ff9dfcb6000 	C:\Users\HP\.gradle\native\30\windows-amd64\native-platform.dll
0x00007ff9ea770000 - 0x00007ff9ea77d000 	C:\Program Files\Android\Android Studio\jre\jre\bin\management.dll
0x00007ff9f0440000 - 0x00007ff9f0473000 	C:\WINDOWS\system32\rsaenh.dll
0x00007ff9f1240000 - 0x00007ff9f1266000 	C:\WINDOWS\System32\bcrypt.dll
0x00007ff9f0fe0000 - 0x00007ff9f1005000 	C:\WINDOWS\SYSTEM32\USERENV.dll
0x00007ff9f05e0000 - 0x00007ff9f061a000 	C:\WINDOWS\SYSTEM32\IPHLPAPI.DLL
0x00007ff9f28b0000 - 0x00007ff9f28b8000 	C:\WINDOWS\System32\NSI.dll
0x00007ff9eaef0000 - 0x00007ff9eaf06000 	C:\WINDOWS\SYSTEM32\dhcpcsvc6.DLL
0x00007ff9eb000000 - 0x00007ff9eb01c000 	C:\WINDOWS\SYSTEM32\dhcpcsvc.DLL
0x00007ff9f0620000 - 0x00007ff9f06eb000 	C:\WINDOWS\SYSTEM32\DNSAPI.dll

VM Arguments:
jvm_args: -Xmx1536m -Dfile.encoding=windows-1251 -Duser.country=RU -Duser.language=ru -Duser.variant 
java_command: org.gradle.launcher.daemon.bootstrap.GradleDaemon 5.6.4
java_class_path (initial): C:\Users\HP\.gradle\wrapper\dists\gradle-5.6.4-all\ankdp27end7byghfw1q2sw75f\gradle-5.6.4\lib\gradle-launcher-5.6.4.jar
Launcher Type: SUN_STANDARD

Environment Variables:
JAVA_HOME=C:\Program Files\Java\jdk1.8.0_231
PATH=C:\Program Files (x86)\Common Files\Oracle\Java\javapath;C:\Program Files (x86)\Intel\iCLS Client\;C:\Program Files\Intel\iCLS Client\;C:\WINDOWS\system32;C:\WINDOWS;C:\WINDOWS\System32\Wbem;C:\WINDOWS\System32\WindowsPowerShell\v1.0\;C:\Program Files (x86)\Intel\Intel(R) Management Engine Components\DAL;C:\Program Files\Intel\Intel(R) Management Engine Components\DAL;C:\Program Files (x86)\Intel\Intel(R) Management Engine Components\IPT;C:\Program Files\Intel\Intel(R) Management Engine Components\IPT;C:\WINDOWS\System32\OpenSSH\;C:\Program Files\dotnet\;C:\Program Files\Microsoft SQL Server\130\Tools\Binn\;C:\Program Files\nodejs\;C:\Program Files (x86)\Windows Kits\8.1\Windows Performance Toolkit\;C:\Users\HP\Desktop\Php;C:\Program Files\Git\cmd;C:\Program Files\PuTTY\;C:\Program Files\CMake\bin;C:\Users\HP\Desktop\cocos2d-x-3.17.2\templates;C:\Users\HP\Desktop\cocos2d-x-3.17.2\tools\cocos2d-console\bin;C:\Users\HP\AppData\Roaming\Python\Python36\Scripts;C:\Users\HP\AppData\Local\Programs\Python\Python37-32\Scripts\;C:\Users\HP\AppData\Local\Programs\Python\Python37-32\;C:\Users\HP\AppData\Local\Microsoft\WindowsApps;C:\Users\HP\AppData\Roaming\npm;C:\Program Files\JetBrains\PyCharm Community Edition 2018.3\bin;;C:\Users\HP\AppData\Local\Programs\Microsoft VS Code\bin;C:\Users\HP\AppData\Roaming\Python\Python37\Scripts;C:\Python27\;;C:\Program Files\JetBrains\IntelliJ IDEA Community Edition 2019.3.3\bin;
USERNAME=HP
OS=Windows_NT
PROCESSOR_IDENTIFIER=Intel64 Family 6 Model 142 Stepping 9, GenuineIntel



---------------  S Y S T E M  ---------------

OS: Windows 10.0 , 64 bit Build 18362 (10.0.18362.778)

CPU:total 4 (initial active 4) (2 cores per cpu, 2 threads per core) family 6 model 142 stepping 9, cmov, cx8, fxsr, mmx, sse, sse2, sse3, ssse3, sse4.1, sse4.2, popcnt, avx, avx2, aes, clmul, erms, 3dnowpref, lzcnt, ht, tsc, tscinvbit, bmi1, bmi2, adx

Memory: 4k page, physical 4109220k(354224k free), swap 6730660k(17764k free)

vm_info: OpenJDK 64-Bit Server VM (25.212-b04) for windows-amd64 JRE (1.8.0_212-release-1586-b04), built by "builder" with MS VC++ 10.0 (VS2010)

time: Sun Jun 07 18:38:53 2020
timezone: Саудовское время (зима)
elapsed time: 88 seconds (0d 0h 1m 28s)

